0 info it worked if it ends with ok
1 verbose cli [ '/usr/local/bin/node', '/usr/local/bin/npm', 'init' ]
2 info using npm@4.1.2
3 info using node@v7.7.4
4 verbose config Skipping project config: /Users/andrew/.npmrc. (matches userconfig)
5 silly package data undefined
6 info init written successfully
7 verbose stack Error: Invalid tag name "Interview Prep": Tags may not have any characters that encodeURIComponent encodes.
7 verbose stack     at invalidTagName (/usr/local/lib/node_modules/npm/node_modules/init-package-json/node_modules/npm-package-arg/npa.js:76:15)
7 verbose stack     at fromRegistry (/usr/local/lib/node_modules/npm/node_modules/init-package-json/node_modules/npm-package-arg/npa.js:265:13)
7 verbose stack     at resolve (/usr/local/lib/node_modules/npm/node_modules/init-package-json/node_modules/npm-package-arg/npa.js:66:12)
7 verbose stack     at npa (/usr/local/lib/node_modules/npm/node_modules/init-package-json/node_modules/npm-package-arg/npa.js:39:10)
7 verbose stack     at Object.<anonymous> (/usr/local/lib/node_modules/npm/node_modules/init-package-json/default-input.js:49:12)
7 verbose stack     at PromZard.loaded (/usr/local/lib/node_modules/npm/node_modules/init-package-json/node_modules/promzard/promzard.js:90:22)
7 verbose stack     at PromZard.<anonymous> (/usr/local/lib/node_modules/npm/node_modules/init-package-json/node_modules/promzard/promzard.js:67:10)
7 verbose stack     at /usr/local/lib/node_modules/npm/node_modules/graceful-fs/graceful-fs.js:78:16
7 verbose stack     at tryToString (fs.js:449:3)
7 verbose stack     at FSReqWrap.readFileAfterClose [as oncomplete] (fs.js:436:12)
8 verbose cwd /Users/andrew/Desktop/Job Hunt Practice/Interview Prep
9 error Darwin 16.7.0
10 error argv "/usr/local/bin/node" "/usr/local/bin/npm" "init"
11 error node v7.7.4
12 error npm  v4.1.2
13 error code EINVALIDTAGNAME
14 error Invalid tag name "Interview Prep": Tags may not have any characters that encodeURIComponent encodes.
15 error If you need help, you may report this error at:
15 error     <https://github.com/npm/npm/issues>
16 verbose exit [ 1, true ]
